2022-10-07 14:09:53 [scrapy.utils.log] INFO: Scrapy 2.6.3 started (bot: streetscrape)
2022-10-07 14:09:53 [scrapy.utils.log] INFO: Versions: lxml 4.9.1.0, libxml2 2.9.14, cssselect 1.1.0, parsel 1.6.0, w3lib 2.0.1, Twisted 22.8.0, Python 3.8.10 (default, Jun 22 2022, 20:18:18) - [GCC 9.4.0], pyOpenSSL 22.1.0 (OpenSSL 3.0.5 5 Jul 2022), cryptography 38.0.1, Platform Linux-5.15.0-46-generic-x86_64-with-glibc2.29
2022-10-07 14:09:53 [scrapy.crawler] INFO: Overridden settings:
{'BOT_NAME': 'streetscrape',
 'LOG_FILE': './spiders.log',
 'LOG_LEVEL': 'INFO',
 'NEWSPIDER_MODULE': 'streetscrape.spiders',
 'ROBOTSTXT_OBEY': True,
 'SPIDER_LOADER_WARN_ONLY': True,
 'SPIDER_MODULES': ['streetscrape.spiders']}
2022-10-07 14:09:53 [scrapy.extensions.telnet] INFO: Telnet Password: 607782ff4a262252
2022-10-07 14:09:53 [scrapy.middleware] INFO: Enabled extensions:
['scrapy.extensions.corestats.CoreStats',
 'scrapy.extensions.telnet.TelnetConsole',
 'scrapy.extensions.memusage.MemoryUsage',
 'scrapy.extensions.logstats.LogStats']
2022-10-07 14:09:53 [scrapy.middleware] INFO: Enabled downloader middlewares:
['scrapy.downloadermiddlewares.robotstxt.RobotsTxtMiddleware',
 'scrapy.downloadermiddlewares.httpauth.HttpAuthMiddleware',
 'scrapy.downloadermiddlewares.downloadtimeout.DownloadTimeoutMiddleware',
 'scrapy.downloadermiddlewares.defaultheaders.DefaultHeadersMiddleware',
 'scrapy.downloadermiddlewares.useragent.UserAgentMiddleware',
 'scrapy.downloadermiddlewares.retry.RetryMiddleware',
 'scrapy.downloadermiddlewares.redirect.MetaRefreshMiddleware',
 'scrapy.downloadermiddlewares.httpcompression.HttpCompressionMiddleware',
 'scrapy.downloadermiddlewares.redirect.RedirectMiddleware',
 'scrapy.downloadermiddlewares.cookies.CookiesMiddleware',
 'scrapy.downloadermiddlewares.httpproxy.HttpProxyMiddleware',
 'scrapy.downloadermiddlewares.stats.DownloaderStats']
2022-10-07 14:09:53 [scrapy.middleware] INFO: Enabled spider middlewares:
['scrapy.spidermiddlewares.httperror.HttpErrorMiddleware',
 'scrapy.spidermiddlewares.offsite.OffsiteMiddleware',
 'scrapy.spidermiddlewares.referer.RefererMiddleware',
 'scrapy.spidermiddlewares.urllength.UrlLengthMiddleware',
 'scrapy.spidermiddlewares.depth.DepthMiddleware']
2022-10-07 14:09:53 [scrapy.middleware] INFO: Enabled item pipelines:
[]
2022-10-07 14:09:53 [scrapy.core.engine] INFO: Spider opened
2022-10-07 14:09:53 [scrapy.extensions.logstats] INFO: Crawled 0 pages (at 0 pages/min), scraped 0 items (at 0 items/min)
2022-10-07 14:09:53 [scrapy.extensions.telnet] INFO: Telnet console listening on 127.0.0.1:6023
2022-10-07 14:09:54 [scrapy.core.engine] INFO: Closing spider (finished)
2022-10-07 14:09:54 [scrapy.statscollectors] INFO: Dumping Scrapy stats:
{'downloader/request_bytes': 582,
 'downloader/request_count': 2,
 'downloader/request_method_count/GET': 2,
 'downloader/response_bytes': 14467,
 'downloader/response_count': 2,
 'downloader/response_status_count/200': 2,
 'elapsed_time_seconds': 0.736401,
 'finish_reason': 'finished',
 'finish_time': datetime.datetime(2022, 10, 7, 20, 9, 54, 492055),
 'httpcompression/response_bytes': 45269,
 'httpcompression/response_count': 2,
 'log_count/INFO': 10,
 'memusage/max': 60301312,
 'memusage/startup': 60301312,
 'response_received_count': 2,
 'robotstxt/request_count': 1,
 'robotstxt/response_count': 1,
 'robotstxt/response_status_count/200': 1,
 'scheduler/dequeued': 1,
 'scheduler/dequeued/memory': 1,
 'scheduler/enqueued': 1,
 'scheduler/enqueued/memory': 1,
 'start_time': datetime.datetime(2022, 10, 7, 20, 9, 53, 755654)}
2022-10-07 14:09:54 [scrapy.core.engine] INFO: Spider closed (finished)
2022-10-07 14:10:10 [scrapy.utils.log] INFO: Scrapy 2.6.3 started (bot: streetscrape)
2022-10-07 14:10:10 [scrapy.utils.log] INFO: Versions: lxml 4.9.1.0, libxml2 2.9.14, cssselect 1.1.0, parsel 1.6.0, w3lib 2.0.1, Twisted 22.8.0, Python 3.8.10 (default, Jun 22 2022, 20:18:18) - [GCC 9.4.0], pyOpenSSL 22.1.0 (OpenSSL 3.0.5 5 Jul 2022), cryptography 38.0.1, Platform Linux-5.15.0-46-generic-x86_64-with-glibc2.29
2022-10-07 14:10:10 [scrapy.crawler] INFO: Overridden settings:
{'BOT_NAME': 'streetscrape',
 'LOG_FILE': './spiders.log',
 'LOG_LEVEL': 'INFO',
 'NEWSPIDER_MODULE': 'streetscrape.spiders',
 'ROBOTSTXT_OBEY': True,
 'SPIDER_LOADER_WARN_ONLY': True,
 'SPIDER_MODULES': ['streetscrape.spiders']}
2022-10-07 14:10:10 [scrapy.extensions.telnet] INFO: Telnet Password: cbca128b49262805
2022-10-07 14:10:10 [scrapy.middleware] INFO: Enabled extensions:
['scrapy.extensions.corestats.CoreStats',
 'scrapy.extensions.telnet.TelnetConsole',
 'scrapy.extensions.memusage.MemoryUsage',
 'scrapy.extensions.logstats.LogStats']
2022-10-07 14:10:10 [scrapy.middleware] INFO: Enabled downloader middlewares:
['scrapy.downloadermiddlewares.robotstxt.RobotsTxtMiddleware',
 'scrapy.downloadermiddlewares.httpauth.HttpAuthMiddleware',
 'scrapy.downloadermiddlewares.downloadtimeout.DownloadTimeoutMiddleware',
 'scrapy.downloadermiddlewares.defaultheaders.DefaultHeadersMiddleware',
 'scrapy.downloadermiddlewares.useragent.UserAgentMiddleware',
 'scrapy.downloadermiddlewares.retry.RetryMiddleware',
 'scrapy.downloadermiddlewares.redirect.MetaRefreshMiddleware',
 'scrapy.downloadermiddlewares.httpcompression.HttpCompressionMiddleware',
 'scrapy.downloadermiddlewares.redirect.RedirectMiddleware',
 'scrapy.downloadermiddlewares.cookies.CookiesMiddleware',
 'scrapy.downloadermiddlewares.httpproxy.HttpProxyMiddleware',
 'scrapy.downloadermiddlewares.stats.DownloaderStats']
2022-10-07 14:10:10 [scrapy.middleware] INFO: Enabled spider middlewares:
['scrapy.spidermiddlewares.httperror.HttpErrorMiddleware',
 'scrapy.spidermiddlewares.offsite.OffsiteMiddleware',
 'scrapy.spidermiddlewares.referer.RefererMiddleware',
 'scrapy.spidermiddlewares.urllength.UrlLengthMiddleware',
 'scrapy.spidermiddlewares.depth.DepthMiddleware']
2022-10-07 14:10:10 [scrapy.middleware] INFO: Enabled item pipelines:
[]
2022-10-07 14:10:10 [scrapy.core.engine] INFO: Spider opened
2022-10-07 14:10:10 [scrapy.extensions.logstats] INFO: Crawled 0 pages (at 0 pages/min), scraped 0 items (at 0 items/min)
2022-10-07 14:10:10 [scrapy.extensions.telnet] INFO: Telnet console listening on 127.0.0.1:6023
2022-10-07 14:10:11 [scrapy.core.engine] INFO: Closing spider (finished)
2022-10-07 14:10:11 [scrapy.statscollectors] INFO: Dumping Scrapy stats:
{'downloader/request_bytes': 582,
 'downloader/request_count': 2,
 'downloader/request_method_count/GET': 2,
 'downloader/response_bytes': 14482,
 'downloader/response_count': 2,
 'downloader/response_status_count/200': 2,
 'elapsed_time_seconds': 0.80135,
 'finish_reason': 'finished',
 'finish_time': datetime.datetime(2022, 10, 7, 20, 10, 11, 297661),
 'httpcompression/response_bytes': 45265,
 'httpcompression/response_count': 2,
 'log_count/INFO': 10,
 'memusage/max': 60411904,
 'memusage/startup': 60411904,
 'response_received_count': 2,
 'robotstxt/request_count': 1,
 'robotstxt/response_count': 1,
 'robotstxt/response_status_count/200': 1,
 'scheduler/dequeued': 1,
 'scheduler/dequeued/memory': 1,
 'scheduler/enqueued': 1,
 'scheduler/enqueued/memory': 1,
 'start_time': datetime.datetime(2022, 10, 7, 20, 10, 10, 496311)}
2022-10-07 14:10:11 [scrapy.core.engine] INFO: Spider closed (finished)
2022-10-07 14:10:20 [scrapy.utils.log] INFO: Scrapy 2.6.3 started (bot: streetscrape)
2022-10-07 14:10:20 [scrapy.utils.log] INFO: Versions: lxml 4.9.1.0, libxml2 2.9.14, cssselect 1.1.0, parsel 1.6.0, w3lib 2.0.1, Twisted 22.8.0, Python 3.8.10 (default, Jun 22 2022, 20:18:18) - [GCC 9.4.0], pyOpenSSL 22.1.0 (OpenSSL 3.0.5 5 Jul 2022), cryptography 38.0.1, Platform Linux-5.15.0-46-generic-x86_64-with-glibc2.29
2022-10-07 14:10:20 [scrapy.crawler] INFO: Overridden settings:
{'BOT_NAME': 'streetscrape',
 'LOG_FILE': './spiders.log',
 'LOG_LEVEL': 'INFO',
 'LOG_STDOUT': True,
 'NEWSPIDER_MODULE': 'streetscrape.spiders',
 'ROBOTSTXT_OBEY': True,
 'SPIDER_LOADER_WARN_ONLY': True,
 'SPIDER_MODULES': ['streetscrape.spiders']}
2022-10-07 14:10:20 [scrapy.extensions.telnet] INFO: Telnet Password: 3e24c4d73cede0b0
2022-10-07 14:10:20 [scrapy.middleware] INFO: Enabled extensions:
['scrapy.extensions.corestats.CoreStats',
 'scrapy.extensions.telnet.TelnetConsole',
 'scrapy.extensions.memusage.MemoryUsage',
 'scrapy.extensions.logstats.LogStats']
2022-10-07 14:10:20 [scrapy.middleware] INFO: Enabled downloader middlewares:
['scrapy.downloadermiddlewares.robotstxt.RobotsTxtMiddleware',
 'scrapy.downloadermiddlewares.httpauth.HttpAuthMiddleware',
 'scrapy.downloadermiddlewares.downloadtimeout.DownloadTimeoutMiddleware',
 'scrapy.downloadermiddlewares.defaultheaders.DefaultHeadersMiddleware',
 'scrapy.downloadermiddlewares.useragent.UserAgentMiddleware',
 'scrapy.downloadermiddlewares.retry.RetryMiddleware',
 'scrapy.downloadermiddlewares.redirect.MetaRefreshMiddleware',
 'scrapy.downloadermiddlewares.httpcompression.HttpCompressionMiddleware',
 'scrapy.downloadermiddlewares.redirect.RedirectMiddleware',
 'scrapy.downloadermiddlewares.cookies.CookiesMiddleware',
 'scrapy.downloadermiddlewares.httpproxy.HttpProxyMiddleware',
 'scrapy.downloadermiddlewares.stats.DownloaderStats']
2022-10-07 14:10:20 [scrapy.middleware] INFO: Enabled spider middlewares:
['scrapy.spidermiddlewares.httperror.HttpErrorMiddleware',
 'scrapy.spidermiddlewares.offsite.OffsiteMiddleware',
 'scrapy.spidermiddlewares.referer.RefererMiddleware',
 'scrapy.spidermiddlewares.urllength.UrlLengthMiddleware',
 'scrapy.spidermiddlewares.depth.DepthMiddleware']
2022-10-07 14:10:20 [scrapy.middleware] INFO: Enabled item pipelines:
[]
2022-10-07 14:10:20 [scrapy.core.engine] INFO: Spider opened
2022-10-07 14:10:20 [scrapy.extensions.logstats] INFO: Crawled 0 pages (at 0 pages/min), scraped 0 items (at 0 items/min)
2022-10-07 14:10:20 [scrapy.extensions.telnet] INFO: Telnet console listening on 127.0.0.1:6023
2022-10-07 14:10:21 [scrapy.core.engine] INFO: Closing spider (finished)
2022-10-07 14:10:21 [scrapy.statscollectors] INFO: Dumping Scrapy stats:
{'downloader/request_bytes': 582,
 'downloader/request_count': 2,
 'downloader/request_method_count/GET': 2,
 'downloader/response_bytes': 14987,
 'downloader/response_count': 2,
 'downloader/response_status_count/200': 2,
 'elapsed_time_seconds': 0.827864,
 'finish_reason': 'finished',
 'finish_time': datetime.datetime(2022, 10, 7, 20, 10, 21, 585697),
 'httpcompression/response_bytes': 47253,
 'httpcompression/response_count': 2,
 'log_count/INFO': 10,
 'memusage/max': 60444672,
 'memusage/startup': 60444672,
 'response_received_count': 2,
 'robotstxt/request_count': 1,
 'robotstxt/response_count': 1,
 'robotstxt/response_status_count/200': 1,
 'scheduler/dequeued': 1,
 'scheduler/dequeued/memory': 1,
 'scheduler/enqueued': 1,
 'scheduler/enqueued/memory': 1,
 'start_time': datetime.datetime(2022, 10, 7, 20, 10, 20, 757833)}
2022-10-07 14:10:21 [scrapy.core.engine] INFO: Spider closed (finished)
2022-10-07 14:11:42 [scrapy.utils.log] INFO: Scrapy 2.6.3 started (bot: streetscrape)
2022-10-07 14:11:42 [scrapy.utils.log] INFO: Versions: lxml 4.9.1.0, libxml2 2.9.14, cssselect 1.1.0, parsel 1.6.0, w3lib 2.0.1, Twisted 22.8.0, Python 3.8.10 (default, Jun 22 2022, 20:18:18) - [GCC 9.4.0], pyOpenSSL 22.1.0 (OpenSSL 3.0.5 5 Jul 2022), cryptography 38.0.1, Platform Linux-5.15.0-46-generic-x86_64-with-glibc2.29
2022-10-07 14:11:42 [scrapy.crawler] INFO: Overridden settings:
{'BOT_NAME': 'streetscrape',
 'LOG_FILE': './spiders.log',
 'LOG_LEVEL': 'INFO',
 'LOG_STDOUT': True,
 'NEWSPIDER_MODULE': 'streetscrape.spiders',
 'ROBOTSTXT_OBEY': True,
 'SPIDER_LOADER_WARN_ONLY': True,
 'SPIDER_MODULES': ['streetscrape.spiders']}
2022-10-07 14:11:42 [scrapy.extensions.telnet] INFO: Telnet Password: 30c5b8b445fdda55
2022-10-07 14:11:42 [scrapy.middleware] INFO: Enabled extensions:
['scrapy.extensions.corestats.CoreStats',
 'scrapy.extensions.telnet.TelnetConsole',
 'scrapy.extensions.memusage.MemoryUsage',
 'scrapy.extensions.logstats.LogStats']
2022-10-07 14:11:42 [scrapy.middleware] INFO: Enabled downloader middlewares:
['scrapy.downloadermiddlewares.robotstxt.RobotsTxtMiddleware',
 'scrapy.downloadermiddlewares.httpauth.HttpAuthMiddleware',
 'scrapy.downloadermiddlewares.downloadtimeout.DownloadTimeoutMiddleware',
 'scrapy.downloadermiddlewares.defaultheaders.DefaultHeadersMiddleware',
 'scrapy.downloadermiddlewares.useragent.UserAgentMiddleware',
 'scrapy.downloadermiddlewares.retry.RetryMiddleware',
 'scrapy.downloadermiddlewares.redirect.MetaRefreshMiddleware',
 'scrapy.downloadermiddlewares.httpcompression.HttpCompressionMiddleware',
 'scrapy.downloadermiddlewares.redirect.RedirectMiddleware',
 'scrapy.downloadermiddlewares.cookies.CookiesMiddleware',
 'scrapy.downloadermiddlewares.httpproxy.HttpProxyMiddleware',
 'scrapy.downloadermiddlewares.stats.DownloaderStats']
2022-10-07 14:11:42 [scrapy.middleware] INFO: Enabled spider middlewares:
['scrapy.spidermiddlewares.httperror.HttpErrorMiddleware',
 'scrapy.spidermiddlewares.offsite.OffsiteMiddleware',
 'scrapy.spidermiddlewares.referer.RefererMiddleware',
 'scrapy.spidermiddlewares.urllength.UrlLengthMiddleware',
 'scrapy.spidermiddlewares.depth.DepthMiddleware']
2022-10-07 14:11:42 [scrapy.middleware] INFO: Enabled item pipelines:
[]
2022-10-07 14:11:42 [scrapy.core.engine] INFO: Spider opened
2022-10-07 14:11:42 [scrapy.extensions.logstats] INFO: Crawled 0 pages (at 0 pages/min), scraped 0 items (at 0 items/min)
2022-10-07 14:11:42 [scrapy.extensions.telnet] INFO: Telnet console listening on 127.0.0.1:6023
2022-10-07 14:11:42 [scrapy.core.engine] INFO: Closing spider (finished)
2022-10-07 14:11:42 [scrapy.statscollectors] INFO: Dumping Scrapy stats:
{'downloader/request_bytes': 582,
 'downloader/request_count': 2,
 'downloader/request_method_count/GET': 2,
 'downloader/response_bytes': 14554,
 'downloader/response_count': 2,
 'downloader/response_status_count/200': 2,
 'elapsed_time_seconds': 0.805148,
 'finish_reason': 'finished',
 'finish_time': datetime.datetime(2022, 10, 7, 20, 11, 42, 932500),
 'httpcompression/response_bytes': 45214,
 'httpcompression/response_count': 2,
 'log_count/INFO': 10,
 'memusage/max': 60309504,
 'memusage/startup': 60309504,
 'response_received_count': 2,
 'robotstxt/request_count': 1,
 'robotstxt/response_count': 1,
 'robotstxt/response_status_count/200': 1,
 'scheduler/dequeued': 1,
 'scheduler/dequeued/memory': 1,
 'scheduler/enqueued': 1,
 'scheduler/enqueued/memory': 1,
 'start_time': datetime.datetime(2022, 10, 7, 20, 11, 42, 127352)}
2022-10-07 14:11:42 [scrapy.core.engine] INFO: Spider closed (finished)
2022-10-07 14:13:20 [scrapy.utils.log] INFO: Scrapy 2.6.3 started (bot: streetscrape)
2022-10-07 14:13:20 [scrapy.utils.log] INFO: Versions: lxml 4.9.1.0, libxml2 2.9.14, cssselect 1.1.0, parsel 1.6.0, w3lib 2.0.1, Twisted 22.8.0, Python 3.8.10 (default, Jun 22 2022, 20:18:18) - [GCC 9.4.0], pyOpenSSL 22.1.0 (OpenSSL 3.0.5 5 Jul 2022), cryptography 38.0.1, Platform Linux-5.15.0-46-generic-x86_64-with-glibc2.29
2022-10-07 14:13:20 [stdout] INFO: Usage
2022-10-07 14:13:20 [stdout] INFO: =====
2022-10-07 14:13:20 [stdout] INFO:   scrapy runspider [options] <spider_file>
2022-10-07 14:13:20 [stdout] INFO: 
2022-10-07 14:13:20 [stdout] INFO: Run the spider defined in the given file
2022-10-07 14:13:20 [stdout] INFO: 
2022-10-07 14:13:20 [stdout] INFO: Optional Arguments
2022-10-07 14:13:20 [stdout] INFO: ==================
2022-10-07 14:13:20 [stdout] INFO:   -h, --help            show this help message and exit
2022-10-07 14:13:20 [stdout] INFO:   -a NAME=VALUE         set spider argument (may be repeated)
2022-10-07 14:13:20 [stdout] INFO:   -o FILE, --output FILE
2022-10-07 14:13:20 [stdout] INFO:                         append scraped items to the end of FILE (use - for stdout)
2022-10-07 14:13:20 [stdout] INFO:   -O FILE, --overwrite-output FILE
2022-10-07 14:13:20 [stdout] INFO:                         dump scraped items into FILE, overwriting any existing file
2022-10-07 14:13:20 [stdout] INFO:   -t FORMAT, --output-format FORMAT
2022-10-07 14:13:20 [stdout] INFO:                         format to use for dumping items
2022-10-07 14:13:20 [stdout] INFO: 
2022-10-07 14:13:20 [stdout] INFO: Global Options
2022-10-07 14:13:20 [stdout] INFO: --------------
2022-10-07 14:13:20 [stdout] INFO:   --logfile FILE        log file. if omitted stderr will be used
2022-10-07 14:13:20 [stdout] INFO:   -L LEVEL, --loglevel LEVEL
2022-10-07 14:13:20 [stdout] INFO:                         log level (default: DEBUG)
2022-10-07 14:13:20 [stdout] INFO:   --nolog               disable logging completely
2022-10-07 14:13:20 [stdout] INFO:   --profile FILE        write python cProfile stats to FILE
2022-10-07 14:13:20 [stdout] INFO:   --pidfile FILE        write process ID to FILE
2022-10-07 14:13:20 [stdout] INFO:   -s NAME=VALUE, --set NAME=VALUE
2022-10-07 14:13:20 [stdout] INFO:                         set/override setting (may be repeated)
2022-10-07 14:13:20 [stdout] INFO:   --pdb                 enable pdb on failure
2022-10-07 14:13:24 [scrapy.utils.log] INFO: Scrapy 2.6.3 started (bot: streetscrape)
2022-10-07 14:13:24 [scrapy.utils.log] INFO: Versions: lxml 4.9.1.0, libxml2 2.9.14, cssselect 1.1.0, parsel 1.6.0, w3lib 2.0.1, Twisted 22.8.0, Python 3.8.10 (default, Jun 22 2022, 20:18:18) - [GCC 9.4.0], pyOpenSSL 22.1.0 (OpenSSL 3.0.5 5 Jul 2022), cryptography 38.0.1, Platform Linux-5.15.0-46-generic-x86_64-with-glibc2.29
2022-10-07 14:13:24 [scrapy.crawler] INFO: Overridden settings:
{'BOT_NAME': 'streetscrape',
 'LOG_FILE': './spiders.log',
 'LOG_STDOUT': True,
 'NEWSPIDER_MODULE': 'streetscrape.spiders',
 'ROBOTSTXT_OBEY': True,
 'SPIDER_LOADER_WARN_ONLY': True,
 'SPIDER_MODULES': ['streetscrape.spiders']}
2022-10-07 14:13:24 [scrapy.utils.log] DEBUG: Using reactor: twisted.internet.epollreactor.EPollReactor
2022-10-07 14:13:24 [scrapy.extensions.telnet] INFO: Telnet Password: 33c9bccffe02dcd8
2022-10-07 14:13:24 [scrapy.middleware] INFO: Enabled extensions:
['scrapy.extensions.corestats.CoreStats',
 'scrapy.extensions.telnet.TelnetConsole',
 'scrapy.extensions.memusage.MemoryUsage',
 'scrapy.extensions.logstats.LogStats']
2022-10-07 14:13:24 [scrapy.middleware] INFO: Enabled downloader middlewares:
['scrapy.downloadermiddlewares.robotstxt.RobotsTxtMiddleware',
 'scrapy.downloadermiddlewares.httpauth.HttpAuthMiddleware',
 'scrapy.downloadermiddlewares.downloadtimeout.DownloadTimeoutMiddleware',
 'scrapy.downloadermiddlewares.defaultheaders.DefaultHeadersMiddleware',
 'scrapy.downloadermiddlewares.useragent.UserAgentMiddleware',
 'scrapy.downloadermiddlewares.retry.RetryMiddleware',
 'scrapy.downloadermiddlewares.redirect.MetaRefreshMiddleware',
 'scrapy.downloadermiddlewares.httpcompression.HttpCompressionMiddleware',
 'scrapy.downloadermiddlewares.redirect.RedirectMiddleware',
 'scrapy.downloadermiddlewares.cookies.CookiesMiddleware',
 'scrapy.downloadermiddlewares.httpproxy.HttpProxyMiddleware',
 'scrapy.downloadermiddlewares.stats.DownloaderStats']
2022-10-07 14:13:24 [scrapy.middleware] INFO: Enabled spider middlewares:
['scrapy.spidermiddlewares.httperror.HttpErrorMiddleware',
 'scrapy.spidermiddlewares.offsite.OffsiteMiddleware',
 'scrapy.spidermiddlewares.referer.RefererMiddleware',
 'scrapy.spidermiddlewares.urllength.UrlLengthMiddleware',
 'scrapy.spidermiddlewares.depth.DepthMiddleware']
2022-10-07 14:13:24 [scrapy.middleware] INFO: Enabled item pipelines:
[]
2022-10-07 14:13:24 [scrapy.core.engine] INFO: Spider opened
2022-10-07 14:13:24 [scrapy.extensions.logstats] INFO: Crawled 0 pages (at 0 pages/min), scraped 0 items (at 0 items/min)
2022-10-07 14:13:24 [scrapy.extensions.telnet] INFO: Telnet console listening on 127.0.0.1:6023
2022-10-07 14:13:24 [scrapy.core.engine] DEBUG: Crawled (200) <GET https://swingtradebot.com/robots.txt> (referer: None)
2022-10-07 14:13:25 [filelock] DEBUG: Attempting to acquire lock 140081773108864 on /home/dan/.cache/python-tldextract/3.8.10.final__stockbot2__6dfb75__tldextract-3.4.0/publicsuffix.org-tlds/de84b5ca2167d4c83e38fb162f2e8738.tldextract.json.lock
2022-10-07 14:13:25 [filelock] DEBUG: Lock 140081773108864 acquired on /home/dan/.cache/python-tldextract/3.8.10.final__stockbot2__6dfb75__tldextract-3.4.0/publicsuffix.org-tlds/de84b5ca2167d4c83e38fb162f2e8738.tldextract.json.lock
2022-10-07 14:13:25 [filelock] DEBUG: Attempting to release lock 140081773108864 on /home/dan/.cache/python-tldextract/3.8.10.final__stockbot2__6dfb75__tldextract-3.4.0/publicsuffix.org-tlds/de84b5ca2167d4c83e38fb162f2e8738.tldextract.json.lock
2022-10-07 14:13:25 [filelock] DEBUG: Lock 140081773108864 released on /home/dan/.cache/python-tldextract/3.8.10.final__stockbot2__6dfb75__tldextract-3.4.0/publicsuffix.org-tlds/de84b5ca2167d4c83e38fb162f2e8738.tldextract.json.lock
2022-10-07 14:13:25 [scrapy.core.engine] DEBUG: Crawled (200) <GET https://swingtradebot.com/equities?min_vol=250000&min_price=10.0&max_price=999999.0&adx_trend=&grade=&rsi_comparator=&rsi_value1=&include_etfs=2&html_button=as_html> (referer: None)
2022-10-07 14:13:25 [scrapy.core.engine] INFO: Closing spider (finished)
2022-10-07 14:13:25 [scrapy.statscollectors] INFO: Dumping Scrapy stats:
{'downloader/request_bytes': 582,
 'downloader/request_count': 2,
 'downloader/request_method_count/GET': 2,
 'downloader/response_bytes': 14478,
 'downloader/response_count': 2,
 'downloader/response_status_count/200': 2,
 'elapsed_time_seconds': 0.723247,
 'finish_reason': 'finished',
 'finish_time': datetime.datetime(2022, 10, 7, 20, 13, 25, 383824),
 'httpcompression/response_bytes': 45263,
 'httpcompression/response_count': 2,
 'log_count/DEBUG': 7,
 'log_count/INFO': 10,
 'memusage/max': 60256256,
 'memusage/startup': 60256256,
 'response_received_count': 2,
 'robotstxt/request_count': 1,
 'robotstxt/response_count': 1,
 'robotstxt/response_status_count/200': 1,
 'scheduler/dequeued': 1,
 'scheduler/dequeued/memory': 1,
 'scheduler/enqueued': 1,
 'scheduler/enqueued/memory': 1,
 'start_time': datetime.datetime(2022, 10, 7, 20, 13, 24, 660577)}
2022-10-07 14:13:25 [scrapy.core.engine] INFO: Spider closed (finished)
2022-10-07 14:14:26 [scrapy.utils.log] INFO: Scrapy 2.6.3 started (bot: streetscrape)
2022-10-07 14:14:26 [scrapy.utils.log] INFO: Versions: lxml 4.9.1.0, libxml2 2.9.14, cssselect 1.1.0, parsel 1.6.0, w3lib 2.0.1, Twisted 22.8.0, Python 3.8.10 (default, Jun 22 2022, 20:18:18) - [GCC 9.4.0], pyOpenSSL 22.1.0 (OpenSSL 3.0.5 5 Jul 2022), cryptography 38.0.1, Platform Linux-5.15.0-46-generic-x86_64-with-glibc2.29
2022-10-07 14:14:26 [scrapy.crawler] INFO: Overridden settings:
{'BOT_NAME': 'streetscrape',
 'LOG_FILE': './spiders.log',
 'LOG_STDOUT': True,
 'NEWSPIDER_MODULE': 'streetscrape.spiders',
 'ROBOTSTXT_OBEY': True,
 'SPIDER_LOADER_WARN_ONLY': True,
 'SPIDER_MODULES': ['streetscrape.spiders']}
2022-10-07 14:14:26 [scrapy.utils.log] DEBUG: Using reactor: twisted.internet.epollreactor.EPollReactor
2022-10-07 14:14:26 [scrapy.extensions.telnet] INFO: Telnet Password: e3c801514b484960
2022-10-07 14:14:26 [scrapy.middleware] INFO: Enabled extensions:
['scrapy.extensions.corestats.CoreStats',
 'scrapy.extensions.telnet.TelnetConsole',
 'scrapy.extensions.memusage.MemoryUsage',
 'scrapy.extensions.logstats.LogStats']
2022-10-07 14:14:26 [scrapy.middleware] INFO: Enabled downloader middlewares:
['scrapy.downloadermiddlewares.robotstxt.RobotsTxtMiddleware',
 'scrapy.downloadermiddlewares.httpauth.HttpAuthMiddleware',
 'scrapy.downloadermiddlewares.downloadtimeout.DownloadTimeoutMiddleware',
 'scrapy.downloadermiddlewares.defaultheaders.DefaultHeadersMiddleware',
 'scrapy.downloadermiddlewares.useragent.UserAgentMiddleware',
 'scrapy.downloadermiddlewares.retry.RetryMiddleware',
 'scrapy.downloadermiddlewares.redirect.MetaRefreshMiddleware',
 'scrapy.downloadermiddlewares.httpcompression.HttpCompressionMiddleware',
 'scrapy.downloadermiddlewares.redirect.RedirectMiddleware',
 'scrapy.downloadermiddlewares.cookies.CookiesMiddleware',
 'scrapy.downloadermiddlewares.httpproxy.HttpProxyMiddleware',
 'scrapy.downloadermiddlewares.stats.DownloaderStats']
2022-10-07 14:14:26 [scrapy.middleware] INFO: Enabled spider middlewares:
['scrapy.spidermiddlewares.httperror.HttpErrorMiddleware',
 'scrapy.spidermiddlewares.offsite.OffsiteMiddleware',
 'scrapy.spidermiddlewares.referer.RefererMiddleware',
 'scrapy.spidermiddlewares.urllength.UrlLengthMiddleware',
 'scrapy.spidermiddlewares.depth.DepthMiddleware']
2022-10-07 14:14:26 [scrapy.middleware] INFO: Enabled item pipelines:
[]
2022-10-07 14:14:26 [scrapy.core.engine] INFO: Spider opened
2022-10-07 14:14:26 [scrapy.extensions.logstats] INFO: Crawled 0 pages (at 0 pages/min), scraped 0 items (at 0 items/min)
2022-10-07 14:14:26 [scrapy.extensions.telnet] INFO: Telnet console listening on 127.0.0.1:6023
2022-10-07 14:14:26 [scrapy.core.engine] DEBUG: Crawled (200) <GET https://swingtradebot.com/robots.txt> (referer: None)
2022-10-07 14:14:26 [filelock] DEBUG: Attempting to acquire lock 139821012699504 on /home/dan/.cache/python-tldextract/3.8.10.final__stockbot2__6dfb75__tldextract-3.4.0/publicsuffix.org-tlds/de84b5ca2167d4c83e38fb162f2e8738.tldextract.json.lock
2022-10-07 14:14:26 [filelock] DEBUG: Lock 139821012699504 acquired on /home/dan/.cache/python-tldextract/3.8.10.final__stockbot2__6dfb75__tldextract-3.4.0/publicsuffix.org-tlds/de84b5ca2167d4c83e38fb162f2e8738.tldextract.json.lock
2022-10-07 14:14:26 [filelock] DEBUG: Attempting to release lock 139821012699504 on /home/dan/.cache/python-tldextract/3.8.10.final__stockbot2__6dfb75__tldextract-3.4.0/publicsuffix.org-tlds/de84b5ca2167d4c83e38fb162f2e8738.tldextract.json.lock
2022-10-07 14:14:26 [filelock] DEBUG: Lock 139821012699504 released on /home/dan/.cache/python-tldextract/3.8.10.final__stockbot2__6dfb75__tldextract-3.4.0/publicsuffix.org-tlds/de84b5ca2167d4c83e38fb162f2e8738.tldextract.json.lock
2022-10-07 14:14:26 [scrapy.core.engine] DEBUG: Crawled (200) <GET https://swingtradebot.com/equities?min_vol=250000&min_price=10.0&max_price=999999.0&adx_trend=&grade=&rsi_comparator=&rsi_value1=&include_etfs=2&html_button=as_html> (referer: None)
2022-10-07 14:14:26 [scrapy.core.engine] INFO: Closing spider (finished)
2022-10-07 14:14:26 [scrapy.statscollectors] INFO: Dumping Scrapy stats:
{'downloader/request_bytes': 582,
 'downloader/request_count': 2,
 'downloader/request_method_count/GET': 2,
 'downloader/response_bytes': 14582,
 'downloader/response_count': 2,
 'downloader/response_status_count/200': 2,
 'elapsed_time_seconds': 0.631213,
 'finish_reason': 'finished',
 'finish_time': datetime.datetime(2022, 10, 7, 20, 14, 26, 872817),
 'httpcompression/response_bytes': 45269,
 'httpcompression/response_count': 2,
 'log_count/DEBUG': 7,
 'log_count/INFO': 10,
 'memusage/max': 60317696,
 'memusage/startup': 60059648,
 'response_received_count': 2,
 'robotstxt/request_count': 1,
 'robotstxt/response_count': 1,
 'robotstxt/response_status_count/200': 1,
 'scheduler/dequeued': 1,
 'scheduler/dequeued/memory': 1,
 'scheduler/enqueued': 1,
 'scheduler/enqueued/memory': 1,
 'start_time': datetime.datetime(2022, 10, 7, 20, 14, 26, 241604)}
2022-10-07 14:14:26 [scrapy.core.engine] INFO: Spider closed (finished)
2022-10-07 14:16:02 [scrapy.utils.log] INFO: Scrapy 2.6.3 started (bot: streetscrape)
2022-10-07 14:16:02 [scrapy.utils.log] INFO: Versions: lxml 4.9.1.0, libxml2 2.9.14, cssselect 1.1.0, parsel 1.6.0, w3lib 2.0.1, Twisted 22.8.0, Python 3.8.10 (default, Jun 22 2022, 20:18:18) - [GCC 9.4.0], pyOpenSSL 22.1.0 (OpenSSL 3.0.5 5 Jul 2022), cryptography 38.0.1, Platform Linux-5.15.0-46-generic-x86_64-with-glibc2.29
2022-10-07 14:16:02 [scrapy.crawler] INFO: Overridden settings:
{'BOT_NAME': 'streetscrape',
 'LOG_FILE': './spiders.log',
 'LOG_STDOUT': True,
 'NEWSPIDER_MODULE': 'streetscrape.spiders',
 'ROBOTSTXT_OBEY': True,
 'SPIDER_LOADER_WARN_ONLY': True,
 'SPIDER_MODULES': ['streetscrape.spiders']}
2022-10-07 14:16:02 [scrapy.utils.log] DEBUG: Using reactor: twisted.internet.epollreactor.EPollReactor
2022-10-07 14:16:02 [scrapy.extensions.telnet] INFO: Telnet Password: e230cd0fce1696f8
2022-10-07 14:16:02 [scrapy.middleware] INFO: Enabled extensions:
['scrapy.extensions.corestats.CoreStats',
 'scrapy.extensions.telnet.TelnetConsole',
 'scrapy.extensions.memusage.MemoryUsage',
 'scrapy.extensions.logstats.LogStats']
2022-10-07 14:16:02 [swingtradebot] INFO: fuck you
2022-10-07 14:16:02 [scrapy.middleware] INFO: Enabled downloader middlewares:
['scrapy.downloadermiddlewares.robotstxt.RobotsTxtMiddleware',
 'scrapy.downloadermiddlewares.httpauth.HttpAuthMiddleware',
 'scrapy.downloadermiddlewares.downloadtimeout.DownloadTimeoutMiddleware',
 'scrapy.downloadermiddlewares.defaultheaders.DefaultHeadersMiddleware',
 'scrapy.downloadermiddlewares.useragent.UserAgentMiddleware',
 'scrapy.downloadermiddlewares.retry.RetryMiddleware',
 'scrapy.downloadermiddlewares.redirect.MetaRefreshMiddleware',
 'scrapy.downloadermiddlewares.httpcompression.HttpCompressionMiddleware',
 'scrapy.downloadermiddlewares.redirect.RedirectMiddleware',
 'scrapy.downloadermiddlewares.cookies.CookiesMiddleware',
 'scrapy.downloadermiddlewares.httpproxy.HttpProxyMiddleware',
 'scrapy.downloadermiddlewares.stats.DownloaderStats']
2022-10-07 14:16:02 [scrapy.middleware] INFO: Enabled spider middlewares:
['scrapy.spidermiddlewares.httperror.HttpErrorMiddleware',
 'scrapy.spidermiddlewares.offsite.OffsiteMiddleware',
 'scrapy.spidermiddlewares.referer.RefererMiddleware',
 'scrapy.spidermiddlewares.urllength.UrlLengthMiddleware',
 'scrapy.spidermiddlewares.depth.DepthMiddleware']
2022-10-07 14:16:02 [scrapy.middleware] INFO: Enabled item pipelines:
[]
2022-10-07 14:16:02 [scrapy.core.engine] INFO: Spider opened
2022-10-07 14:16:02 [scrapy.extensions.logstats] INFO: Crawled 0 pages (at 0 pages/min), scraped 0 items (at 0 items/min)
2022-10-07 14:16:02 [scrapy.extensions.telnet] INFO: Telnet console listening on 127.0.0.1:6023
2022-10-07 14:16:02 [scrapy.core.engine] DEBUG: Crawled (200) <GET https://swingtradebot.com/robots.txt> (referer: None)
2022-10-07 14:16:02 [filelock] DEBUG: Attempting to acquire lock 140705487435616 on /home/dan/.cache/python-tldextract/3.8.10.final__stockbot2__6dfb75__tldextract-3.4.0/publicsuffix.org-tlds/de84b5ca2167d4c83e38fb162f2e8738.tldextract.json.lock
2022-10-07 14:16:02 [filelock] DEBUG: Lock 140705487435616 acquired on /home/dan/.cache/python-tldextract/3.8.10.final__stockbot2__6dfb75__tldextract-3.4.0/publicsuffix.org-tlds/de84b5ca2167d4c83e38fb162f2e8738.tldextract.json.lock
2022-10-07 14:16:02 [filelock] DEBUG: Attempting to release lock 140705487435616 on /home/dan/.cache/python-tldextract/3.8.10.final__stockbot2__6dfb75__tldextract-3.4.0/publicsuffix.org-tlds/de84b5ca2167d4c83e38fb162f2e8738.tldextract.json.lock
2022-10-07 14:16:02 [filelock] DEBUG: Lock 140705487435616 released on /home/dan/.cache/python-tldextract/3.8.10.final__stockbot2__6dfb75__tldextract-3.4.0/publicsuffix.org-tlds/de84b5ca2167d4c83e38fb162f2e8738.tldextract.json.lock
2022-10-07 14:16:02 [scrapy.core.engine] DEBUG: Crawled (200) <GET https://swingtradebot.com/equities?min_vol=250000&min_price=10.0&max_price=999999.0&adx_trend=&grade=&rsi_comparator=&rsi_value1=&include_etfs=2&html_button=as_html> (referer: None)
2022-10-07 14:16:03 [scrapy.core.scraper] ERROR: Spider error processing <GET https://swingtradebot.com/equities?min_vol=250000&min_price=10.0&max_price=999999.0&adx_trend=&grade=&rsi_comparator=&rsi_value1=&include_etfs=2&html_button=as_html> (referer: None)
Traceback (most recent call last):
  File "/home/dan/venvs/stockbot2/lib/python3.8/site-packages/scrapy/utils/defer.py", line 132, in iter_errback
    yield next(it)
  File "/home/dan/venvs/stockbot2/lib/python3.8/site-packages/scrapy/utils/python.py", line 354, in __next__
    return next(self.data)
  File "/home/dan/venvs/stockbot2/lib/python3.8/site-packages/scrapy/utils/python.py", line 354, in __next__
    return next(self.data)
  File "/home/dan/venvs/stockbot2/lib/python3.8/site-packages/scrapy/core/spidermw.py", line 66, in _evaluate_iterable
    for r in iterable:
  File "/home/dan/venvs/stockbot2/lib/python3.8/site-packages/scrapy/spidermiddlewares/offsite.py", line 29, in process_spider_output
    for x in result:
  File "/home/dan/venvs/stockbot2/lib/python3.8/site-packages/scrapy/core/spidermw.py", line 66, in _evaluate_iterable
    for r in iterable:
  File "/home/dan/venvs/stockbot2/lib/python3.8/site-packages/scrapy/spidermiddlewares/referer.py", line 342, in <genexpr>
    return (_set_referer(r) for r in result or ())
  File "/home/dan/venvs/stockbot2/lib/python3.8/site-packages/scrapy/core/spidermw.py", line 66, in _evaluate_iterable
    for r in iterable:
  File "/home/dan/venvs/stockbot2/lib/python3.8/site-packages/scrapy/spidermiddlewares/urllength.py", line 40, in <genexpr>
    return (r for r in result or () if _filter(r))
  File "/home/dan/venvs/stockbot2/lib/python3.8/site-packages/scrapy/core/spidermw.py", line 66, in _evaluate_iterable
    for r in iterable:
  File "/home/dan/venvs/stockbot2/lib/python3.8/site-packages/scrapy/spidermiddlewares/depth.py", line 58, in <genexpr>
    return (r for r in result or () if _filter(r))
  File "/home/dan/venvs/stockbot2/lib/python3.8/site-packages/scrapy/core/spidermw.py", line 66, in _evaluate_iterable
    for r in iterable:
  File "/home/dan/venvs/stockbot2/lib/python3.8/site-packages/scrapy/spiders/crawl.py", line 120, in _parse_response
    for request_or_item in self._requests_to_follow(response):
  File "/home/dan/venvs/stockbot2/lib/python3.8/site-packages/scrapy/spiders/crawl.py", line 96, in _requests_to_follow
    for rule_index, rule in enumerate(self._rules):
AttributeError: 'SwingtradebotSpider' object has no attribute '_rules'
2022-10-07 14:16:03 [scrapy.core.engine] INFO: Closing spider (finished)
2022-10-07 14:16:03 [scrapy.statscollectors] INFO: Dumping Scrapy stats:
{'downloader/request_bytes': 582,
 'downloader/request_count': 2,
 'downloader/request_method_count/GET': 2,
 'downloader/response_bytes': 14465,
 'downloader/response_count': 2,
 'downloader/response_status_count/200': 2,
 'elapsed_time_seconds': 0.721411,
 'finish_reason': 'finished',
 'finish_time': datetime.datetime(2022, 10, 7, 20, 16, 3, 22182),
 'httpcompression/response_bytes': 45249,
 'httpcompression/response_count': 2,
 'log_count/DEBUG': 7,
 'log_count/ERROR': 1,
 'log_count/INFO': 11,
 'memusage/max': 60051456,
 'memusage/startup': 60051456,
 'response_received_count': 2,
 'robotstxt/request_count': 1,
 'robotstxt/response_count': 1,
 'robotstxt/response_status_count/200': 1,
 'scheduler/dequeued': 1,
 'scheduler/dequeued/memory': 1,
 'scheduler/enqueued': 1,
 'scheduler/enqueued/memory': 1,
 'spider_exceptions/AttributeError': 1,
 'start_time': datetime.datetime(2022, 10, 7, 20, 16, 2, 300771)}
2022-10-07 14:16:03 [scrapy.core.engine] INFO: Spider closed (finished)
